# JRE version: OpenJDK Runtime Environment Zulu11.60+19-CA (11.0.17+8) (build 11.0.17+8-LTS)
# Java VM: OpenJDK 64-Bit Server VM Zulu11.60+19-CA (11.0.17+8-LTS, mixed mode, tiered, compressed oops, g1 gc, linux-amd64)
Heap:
 garbage-first heap   total 524288K, used 21112K [0x00000000c0000000, 0x0000000100000000)
  region size 1024K, 18 young (18432K), 1 survivors (1024K)
 Metaspace       used 8379K, capacity 8564K, committed 8832K, reserved 1056768K
  class space    used 724K, capacity 787K, committed 896K, reserved 1048576K
GC Heap History (16 events):
Event: 0.184 GC heap before
{Heap before GC invocations=0 (full 0):
 garbage-first heap   total 1030144K, used 4096K [0x00000000c0000000, 0x0000000100000000)
  region size 1024K, 5 young (5120K), 0 survivors (0K)
 Metaspace       used 6929K, capacity 7071K, committed 7296K, reserved 1056768K
  class space    used 588K, capacity 635K, committed 640K, reserved 1048576K
}
Event: 0.190 GC heap after
{Heap after GC invocations=1 (full 1):
 garbage-first heap   total 17408K, used 1472K [0x00000000c0000000, 0x0000000100000000)
  region size 1024K, 0 young (0K), 0 survivors (0K)
 Metaspace       used 6929K, capacity 7071K, committed 7296K, reserved 1056768K
  class space    used 588K, capacity 635K, committed 640K, reserved 1048576K
}
Event: 0.369 GC heap before
{Heap before GC invocations=1 (full 1):
 garbage-first heap   total 17408K, used 6592K [0x00000000c0000000, 0x0000000100000000)
  region size 1024K, 5 young (5120K), 0 survivors (0K)
 Metaspace       used 8133K, capacity 8313K, committed 8448K, reserved 1056768K
  class space    used 703K, capacity 747K, committed 768K, reserved 1048576K
}
Event: 0.370 GC heap after
{Heap after GC invocations=2 (full 1):
 garbage-first heap   total 17408K, used 2250K [0x00000000c0000000, 0x0000000100000000)
  region size 1024K, 1 young (1024K), 1 survivors (1024K)
 Metaspace       used 8133K, capacity 8313K, committed 8448K, reserved 1056768K
  class space    used 703K, capacity 747K, committed 768K, reserved 1048576K
}
Event: 0.380 GC heap before
{Heap before GC invocations=2 (full 1):
 garbage-first heap   total 17408K, used 7370K [0x00000000c0000000, 0x0000000100000000)
  region size 1024K, 6 young (6144K), 1 survivors (1024K)
 Metaspace       used 8152K, capacity 8316K, committed 8448K, reserved 1056768K
  class space    used 704K, capacity 747K, committed 768K, reserved 1048576K
}
Event: 0.381 GC heap after
{Heap after GC invocations=3 (full 1):
 garbage-first heap   total 17408K, used 2768K [0x00000000c0000000, 0x0000000100000000)
  region size 1024K, 1 young (1024K), 1 survivors (1024K)
 Metaspace       used 8152K, capacity 8316K, committed 8448K, reserved 1056768K
  class space    used 704K, capacity 747K, committed 768K, reserved 1048576K
}
Event: 0.386 GC heap before
{Heap before GC invocations=3 (full 1):
 garbage-first heap   total 17408K, used 6864K [0x00000000c0000000, 0x0000000100000000)
  region size 1024K, 5 young (5120K), 1 survivors (1024K)
 Metaspace       used 8157K, capacity 8316K, committed 8448K, reserved 1056768K
  class space    used 704K, capacity 747K, committed 768K, reserved 1048576K
}
Event: 0.387 GC heap after
{Heap after GC invocations=4 (full 1):
 garbage-first heap   total 17408K, used 3099K [0x00000000c0000000, 0x0000000100000000)
  region size 1024K, 1 young (1024K), 1 survivors (1024K)
 Metaspace       used 8157K, capacity 8316K, committed 8448K, reserved 1056768K
  class space    used 704K, capacity 747K, committed 768K, reserved 1048576K
}
Event: 0.391 GC heap before
{Heap before GC invocations=4 (full 1):
 garbage-first heap   total 17408K, used 7195K [0x00000000c0000000, 0x0000000100000000)
  region size 1024K, 5 young (5120K), 1 survivors (1024K)
 Metaspace       used 8164K, capacity 8316K, committed 8448K, reserved 1056768K
  class space    used 704K, capacity 747K, committed 768K, reserved 1048576K
}
Event: 0.392 GC heap after
{Heap after GC invocations=5 (full 1):
 garbage-first heap   total 17408K, used 3495K [0x00000000c0000000, 0x0000000100000000)
  region size 1024K, 1 young (1024K), 1 survivors (1024K)
 Metaspace       used 8164K, capacity 8316K, committed 8448K, reserved 1056768K
  class space    used 704K, capacity 747K, committed 768K, reserved 1048576K
}
Event: 0.466 GC heap before
{Heap before GC invocations=5 (full 1):
 garbage-first heap   total 17408K, used 7591K [0x00000000c0000000, 0x0000000100000000)
  region size 1024K, 5 young (5120K), 1 survivors (1024K)
 Metaspace       used 8167K, capacity 8316K, committed 8448K, reserved 1056768K
  class space    used 704K, capacity 747K, committed 768K, reserved 1048576K
}
Event: 0.467 GC heap after
{Heap after GC invocations=6 (full 1):
 garbage-first heap   total 17408K, used 3941K [0x00000000c0000000, 0x0000000100000000)
  region size 1024K, 1 young (1024K), 1 survivors (1024K)
 Metaspace       used 8167K, capacity 8316K, committed 8448K, reserved 1056768K
  class space    used 704K, capacity 747K, committed 768K, reserved 1048576K
}
Event: 0.477 GC heap before
{Heap before GC invocations=6 (full 1):
 garbage-first heap   total 17408K, used 8037K [0x00000000c0000000, 0x0000000100000000)
  region size 1024K, 5 young (5120K), 1 survivors (1024K)
 Metaspace       used 8170K, capacity 8316K, committed 8448K, reserved 1056768K
  class space    used 704K, capacity 747K, committed 768K, reserved 1048576K
}
Event: 0.477 GC heap after
{Heap after GC invocations=7 (full 1):
 garbage-first heap   total 17408K, used 4304K [0x00000000c0000000, 0x0000000100000000)
  region size 1024K, 1 young (1024K), 1 survivors (1024K)
 Metaspace       used 8170K, capacity 8316K, committed 8448K, reserved 1056768K
  class space    used 704K, capacity 747K, committed 768K, reserved 1048576K
}
Event: 0.483 GC heap before
{Heap before GC invocations=7 (full 1):
 garbage-first heap   total 17408K, used 8400K [0x00000000c0000000, 0x0000000100000000)
  region size 1024K, 5 young (5120K), 1 survivors (1024K)
 Metaspace       used 8170K, capacity 8316K, committed 8448K, reserved 1056768K
  class space    used 704K, capacity 747K, committed 768K, reserved 1048576K
}
Event: 0.486 GC heap after
{Heap after GC invocations=8 (full 1):
 garbage-first heap   total 524288K, used 4728K [0x00000000c0000000, 0x0000000100000000)
  region size 1024K, 1 young (1024K), 1 survivors (1024K)
 Metaspace       used 8170K, capacity 8316K, committed 8448K, reserved 1056768K
  class space    used 704K, capacity 747K, committed 768K, reserved 1048576K
}

